00:00:00.000616 main     VirtualBox COM Server 6.1.22 r144080 win.amd64 (Apr 28 2021 17:23:11) release log
00:00:00.000620 main     Log opened 2021-05-26T02:39:31.937485200Z
00:00:00.000620 main     Build Type: release
00:00:00.000625 main     OS Product: Windows 10
00:00:00.000626 main     OS Release: 10.0.18363
00:00:00.000626 main     OS Service Pack: 
00:00:00.083443 main     DMI Product Name: Aspire GX-281
00:00:00.093990 main     DMI Product Version:         
00:00:00.094003 main     Firmware type: UEFI
00:00:00.094270 main     Secure Boot: VERR_PRIVILEGE_NOT_HELD
00:00:00.094293 main     Host RAM: 8126MB (7.9GB) total, 4484MB (4.3GB) available
00:00:00.094298 main     Executable: C:\Program Files\Oracle\VirtualBox\VBoxSVC.exe
00:00:00.094299 main     Process ID: 13536
00:00:00.094300 main     Package type: WINDOWS_64BITS_GENERIC
00:00:00.145076          VirtualBox: object creation starts
00:00:00.145305          Home directory: 'C:\Users\malos\.VirtualBox'
00:00:00.145409          Installed Drivers:
00:00:00.147700            C:\WINDOWS\system32\DRIVERS\VBoxNetLwf.sys (Version: 6.1.22.44080)
00:00:00.148299            C:\WINDOWS\system32\DRIVERS\VBoxUSBMon.sys (Version: 6.1.22.44080)
00:00:00.148683            C:\WINDOWS\system32\DRIVERS\VBoxDrv.sys (Version: 6.1.22.44080)
00:00:00.149460            C:\WINDOWS\system32\DRIVERS\VBoxNetAdp6.sys (Version: 6.1.22.44080)
00:00:00.154437          Loading settings file "C:\Users\malos\.VirtualBox\VirtualBox.xml" with version "1.12-windows"
00:00:00.155966          usbLibGetDevices: Starting USB device enumeration
00:00:00.193748          Getting USB descriptor (id 0) failed (dwErr=31) on hub USB#ROOT_HUB30#5&392d0fab&0&0#{f18a0e88-c30c-11d0-8815-00a0c906bed8} port 13
00:00:00.195208          usbLibGetDevices: Found 4 USB devices, 0 captured
00:00:00.195316          USB: Unknown USB device detected (idVendor: 0x8087, idProduct: 0x0a2a)
00:00:00.292694          HostDnsMonitor: initializing
00:00:00.301699          HostDnsMonitor: updating information
00:00:00.301730          HostDnsMonitor: old information
00:00:00.301731            no server entries
00:00:00.301731            no domain set
00:00:00.301732            no search string entries
00:00:00.301733          HostDnsMonitor: new information
00:00:00.301733            server 1: 103.86.96.100
00:00:00.301734            server 2: 103.86.99.100
00:00:00.301735            server 3: 192.168.254.254
00:00:00.301735            server 4: 207.91.5.20
00:00:00.301736            domain: Home
00:00:00.301736            no search string entries
00:00:00.349419          SUPR0QueryVTCaps -> VERR_SVM_DISABLED
00:00:00.349957          VD: VDInit finished with VINF_SUCCESS
00:00:00.351014          Loading settings file "C:\Users\malos\VirtualBox VMs\Xubuntu\Xubuntu.vbox" with version "1.16-windows"
00:00:00.351872          VirtualBox: object created
00:10:39.014449          Saving settings file "C:\Users\malos\.VirtualBox\VirtualBox.xml" with version "1.12-windows"
00:12:14.949375 createBase Saving settings file "C:\Users\malos\.VirtualBox\VirtualBox.xml" with version "1.12-windows"
00:12:15.504223          Saving settings file "C:\Users\malos\VirtualBox VMs\Xubuntu\Xubuntu.vbox" with version "1.16-windows"
00:12:15.527549          Saving settings file "C:\Users\malos\VirtualBox VMs\Xubuntu\Xubuntu.vbox" with version "1.16-windows"
00:12:15.559673          Saving settings file "C:\Users\malos\.VirtualBox\VirtualBox.xml" with version "1.12-windows"
00:12:15.589497          Saving settings file "C:\Users\malos\.VirtualBox\VirtualBox.xml" with version "1.12-windows"
00:12:15.623982          Saving settings file "C:\Users\malos\VirtualBox VMs\Xubuntu\Xubuntu.vbox" with version "1.16-windows"
00:14:56.649507          Launched VM: 63301472 pid: 14064 (0x36f0) frontend: GUI/Qt name: Xubuntu
00:15:01.058463          ERROR [COM]: aRC=VBOX_E_OBJECT_NOT_FOUND (0x80bb0001) aIID={70401eef-c8e9-466b-9660-45cb3e9979e4} aComponent={ExtPackManagerWrap} aText={No extension pack by the name 'Oracle VM VirtualBox Extension Pack' was found}, preserve=false aResultDetail=0
00:15:01.274181          ERROR [COM]: aRC=VBOX_E_IPRT_ERROR (0x80bb0005) aIID={85632c68-b5bb-4316-a900-5eb28d3413df} aComponent={SessionMachine} aText={Saved screenshot data is not available (VERR_NOT_SUPPORTED)}, preserve=false aResultDetail=-37
00:15:11.281329          Saving settings file "C:\Users\malos\VirtualBox VMs\Xubuntu\Xubuntu.vbox" with version "1.16-windows"
00:15:11.525296          Saving settings file "C:\Users\malos\VirtualBox VMs\Xubuntu\Xubuntu.vbox" with version "1.16-windows"
00:15:12.054863          Saving settings file "C:\Users\malos\VirtualBox VMs\Xubuntu\Xubuntu.vbox" with version "1.16-windows"
00:15:12.105382          Saving settings file "C:\Users\malos\VirtualBox VMs\Xubuntu\Xubuntu.vbox" with version "1.16-windows"
00:20:44.994843          Saving settings file "C:\Users\malos\.VirtualBox\VirtualBox.xml" with version "1.12-windows"
00:20:45.096161          Saving settings file "C:\Users\malos\.VirtualBox\VirtualBox.xml" with version "1.12-windows"
00:20:51.125347 main     VirtualBox: object deletion starts
00:20:51.125408 main     ERROR [COM]: aRC=VBOX_E_OBJECT_IN_USE (0x80bb000c) aIID={ad47ad09-787b-44ab-b343-a082a3f2dfb1} aComponent={MediumWrap} aText={Medium 'C:\Users\malos\VirtualBox VMs\Xubuntu\Xubuntu.vhd' cannot be closed because it is still attached to 1 virtual machines}, preserve=false aResultDetail=0
00:20:51.126270 main     HostDnsMonitor: shutting down ...
00:20:51.126373 main     HostDnsMonitor: shut down
00:20:51.127659 Watcher  ERROR [COM]: aRC=E_ACCESSDENIED (0x80070005) aIID={d0a0163f-e254-4e5b-a1f2-011cf991c38d} aComponent={VirtualBoxWrap} aText={The object is not ready}, preserve=false aResultDetail=0
00:20:51.127836 main     VirtualBox: object deleted
